<?xml version="1.0" encoding="UTF-8"?>
<!-- Generated by org.testng.reporters.JUnitXMLReporter -->
<testsuite ignored="0" hostname="DESKTOP-6QOO14N" failures="0" tests="14" name="crm_pro test Cases" time="294.956" errors="0" timestamp="2022-12-31T16:46:39 IST">
  <testcase classname="tasecases.loginPageTest" name="verifyloginPageTitleTest" time="3.016"/>
  <testcase classname="tasecases.loginPageTest" name="crmLogoTest" time="0.044"/>
  <testcase classname="tasecases.loginPageTest" name="verifyloginTest" time="7.342"/>
  <testcase classname="tasecases.homePageTest" name="verifyContactsLinkTest" time="1.864"/>
  <testcase classname="tasecases.homePageTest" name="verifyHomepageTitleTest" time="0.009"/>
  <testcase classname="tasecases.homePageTest" name="verifyuserLabelTest" time="0.072"/>
  <testcase classname="tasecases.contactsPageTest" name="verifyTitleOfContactPageTest" time="1.866"/>
  <testcase classname="tasecases.contactsPageTest" name="verifyContactsPageLabelTest" time="2.757"/>
  <testcase classname="tasecases.contactsPageTest" name="selectContextTest" time="2.472"/>
  <testcase classname="tasecases.contactsPageTest" name="selectMultipleContactTest" time="5.157"/>
  <testcase classname="tasecases.contactsPageTest" name="validateCreateNewContact" time="8.373"/>
  <testcase classname="tasecases.contactsPageTest" name="validateCreateNewContact" time="6.991"/>
  <testcase classname="tasecases.contactsPageTest" name="validateCreateNewContact" time="7.23"/>
  <testcase classname="tasecases.contactsPageTest" name="validateCreateNewContact" time="7.915"/>
</testsuite> <!-- crm_pro test Cases -->
